<?xml version="1.0" encoding="UTF-8"?>
<!-- Generated by org.testng.reporters.JUnitXMLReporter -->
<testsuite ignored="0" hostname="LAPTOP-1826LOER" failures="0" tests="3" name="Default test" time="0.069" errors="0" timestamp="2025-02-26T07:45:14 IST">
  <testcase classname="tngannotations.TestAnnotations" name="testOne" time="0.008"/>
  <testcase classname="tngannotations.TestAnnotations" name="testTwo" time="0.008"/>
  <testcase classname="tngannotations.TestAnnotations" name="testThree" time="0.001"/>
</testsuite> <!-- Default test -->
