<?xml version="1.0" encoding="UTF-8"?>
<!-- Generated by org.testng.reporters.JUnitXMLReporter -->
<testsuite ignored="0" hostname="LAPTOP-1826LOER" failures="0" tests="3" name="Test" time="24.659" errors="0" timestamp="2025-02-26T07:20:00 IST">
  <testcase classname="testngdemo.LoginPageTest" name="testLoginAutoUser1" time="1.781"/>
  <testcase classname="testngdemo.LoginPageTest" name="testLoginAutoUser2" time="1.514"/>
  <testcase classname="testngdemo.RegisterPageTest" name="testRegisterFunction" time="0.994"/>
</testsuite> <!-- Test -->
